<?xml version="1.0" encoding="UTF-8"?>
<testsuite xmlns:xsi="http://www.w3.org/2001/XMLSchema-instance" xsi:noNamespaceSchemaLocation="https://maven.apache.org/surefire/maven-surefire-plugin/xsd/surefire-test-report.xsd" name="scenarios.TestRunner" time="20.251" tests="1" errors="1" skipped="0" failures="0">
  <properties>
[...]
</properties>
  <testcase name="Buscar medicos no Rio de Janeiro" classname="Buscar Medicos" time="19.779">
    <error message="Ocorreu um erro ao executar uma acao no elemento: xpath //*[@id=&apos;react-tabs-1&apos;]//button[text() = &apos;Pesquisar&apos;]&#10;element click intercepted: Element &lt;button class=&quot;Button Button--block Button--featured Button--secondary&quot; type=&quot;submit&quot;&gt;...&lt;/button&gt; is not clickable at point (631, 171). Other element would receive the click: &lt;div class=&quot;AutoSuggest__group-heading css-1bv77oq-group&quot; id=&quot;react-select-2-group-3-heading&quot;&gt;...&lt;/div&gt;&#10;  (Session info: chrome=89.0.4389.114)&#10;Build info: version: &apos;3.14.0&apos;, revision: &apos;aacccce0&apos;, time: &apos;2018-08-02T20:19:58.91Z&apos;&#10;System info: host: &apos;DESKTOP-4NTM1BC&apos;, ip: &apos;192.168.1.6&apos;, os.name: &apos;Windows 10&apos;, os.arch: &apos;amd64&apos;, os.version: &apos;10.0&apos;, java.version: &apos;16&apos;&#10;Driver info: org.openqa.selenium.chrome.ChromeDriver&#10;Capabilities {acceptInsecureCerts: false, browserName: chrome, browserVersion: 89.0.4389.114, chrome: {chromedriverVersion: 89.0.4389.23 (61b08ee2c5002..., userDataDir: C:\Users\sankhya\AppData\Lo...}, goog:chromeOptions: {debuggerAddress: localhost:52639}, javascriptEnabled: true, networkConnectionEnabled: false, pageLoadStrategy: normal, platform: WINDOWS, platformName: WINDOWS, proxy: Proxy(), setWindowRect: true, strictFileInteractability: false, timeouts: {implicit: 0, pageLoad: 300000, script: 30000}, unhandledPromptBehavior: dismiss and notify, webauthn:extension:largeBlob: true, webauthn:virtualAuthenticators: true}&#10;Session ID: 94b10bace538a7f098be0ba844c50770" type="exceptions.ElementException"><![CDATA[exceptions.ElementException: 
Ocorreu um erro ao executar uma acao no elemento: xpath //*[@id='react-tabs-1']//button[text() = 'Pesquisar']
element click intercepted: Element <button class="Button Button--block Button--featured Button--secondary" type="submit">...</button> is not clickable at point (631, 171). Other element would receive the click: <div class="AutoSuggest__group-heading css-1bv77oq-group" id="react-select-2-group-3-heading">...</div>
  (Session info: chrome=89.0.4389.114)
Build info: version: '3.14.0', revision: 'aacccce0', time: '2018-08-02T20:19:58.91Z'
System info: host: 'DESKTOP-4NTM1BC', ip: '192.168.1.6', os.name: 'Windows 10', os.arch: 'amd64', os.version: '10.0', java.version: '16'
Driver info: org.openqa.selenium.chrome.ChromeDriver
Capabilities {acceptInsecureCerts: false, browserName: chrome, browserVersion: 89.0.4389.114, chrome: {chromedriverVersion: 89.0.4389.23 (61b08ee2c5002..., userDataDir: C:\Users\sankhya\AppData\Lo...}, goog:chromeOptions: {debuggerAddress: localhost:52639}, javascriptEnabled: true, networkConnectionEnabled: false, pageLoadStrategy: normal, platform: WINDOWS, platformName: WINDOWS, proxy: Proxy(), setWindowRect: true, strictFileInteractability: false, timeouts: {implicit: 0, pageLoad: 300000, script: 30000}, unhandledPromptBehavior: dismiss and notify, webauthn:extension:largeBlob: true, webauthn:virtualAuthenticators: true}
Session ID: 94b10bace538a7f098be0ba844c50770
]]></error>
    <system-out><![CDATA[@buscarMedicos
Feature: Buscar Medicos

  @buscar
  Scenario Outline: Buscar medicos no Rio de Janeiro # features/noesis/CT01BuscarMedicos.feature:8
    And Clicar em Guia Médico
    And Digitar a sua busca "<estados>"
    And Clicar no botão pesquisar
    And Validar a especiolidade e estado

    Examples: 

  Background:                 # features/noesis/CT01BuscarMedicos.feature:4
====> Caso de Teste: Buscar medicos no Rio de Janeiro
Acessando urlUnimed
    Given Acessar "urlUnimed" # HomePage.acessarUrl(String)

  @buscarMedicos @buscar
  Scenario Outline: Buscar medicos no Rio de Janeiro # features/noesis/CT01BuscarMedicos.feature:19
    And Clicar em Guia Médico                        # HomePage.clicarEmGuiaMedico()
    And Digitar a sua busca "Rio de Janeiro"         # GuiaMedicoPage.procurarEstados(String)
    And Clicar no botão pesquisar                    # GuiaMedicoPage.btnPesquisar()
      exceptions.ElementException: Ocorreu um erro ao executar uma acao no elemento: xpath //*[@id='react-tabs-1']//button[text() = 'Pesquisar']
element click intercepted: Element <button class="Button Button--block Button--featured Button--secondary" type="submit">...</button> is not clickable at point (631, 171). Other element would receive the click: <div class="AutoSuggest__group-heading css-1bv77oq-group" id="react-select-2-group-3-heading">...</div>
  (Session info: chrome=89.0.4389.114)
Build info: version: '3.14.0', revision: 'aacccce0', time: '2018-08-02T20:19:58.91Z'
System info: host: 'DESKTOP-4NTM1BC', ip: '192.168.1.6', os.name: 'Windows 10', os.arch: 'amd64', os.version: '10.0', java.version: '16'
Driver info: org.openqa.selenium.chrome.ChromeDriver
Capabilities {acceptInsecureCerts: false, browserName: chrome, browserVersion: 89.0.4389.114, chrome: {chromedriverVersion: 89.0.4389.23 (61b08ee2c5002..., userDataDir: C:\Users\sankhya\AppData\Lo...}, goog:chromeOptions: {debuggerAddress: localhost:52639}, javascriptEnabled: true, networkConnectionEnabled: false, pageLoadStrategy: normal, platform: WINDOWS, platformName: WINDOWS, proxy: Proxy(), setWindowRect: true, strictFileInteractability: false, timeouts: {implicit: 0, pageLoad: 300000, script: 30000}, unhandledPromptBehavior: dismiss and notify, webauthn:extension:largeBlob: true, webauthn:virtualAuthenticators: true}
Session ID: 94b10bace538a7f098be0ba844c50770
	at core.Element.click(Element.java:87)
	at pages.BasePage.clicar(BasePage.java:30)
	at pages.GuiaMedicoPage.btnPesquisar(GuiaMedicoPage.java:44)
	at ?.Clicar no botão pesquisar(features/noesis/CT01BuscarMedicos.feature:11)

    And Validar a especiolidade e estado             # GuiaMedicoPage.txtValidar(String)
Erro ao gerar documento de evidências do caso Buscar medicos no Rio de Janeiro
]]></system-out>
    <system-err><![CDATA[Starting ChromeDriver 89.0.4389.23 (61b08ee2c50024bab004e48d2b1b083cdbdac579-refs/branch-heads/4389@{#294}) on port 23307
Only local connections are allowed.
Please see https://chromedriver.chromium.org/security-considerations for suggestions on keeping ChromeDriver safe.
ChromeDriver was started successfully.
abr. 05, 2021 10:25:52 PM org.openqa.selenium.remote.ProtocolHandshake createSession
INFO: Detected dialect: W3C
]]></system-err>
  </testcase>
</testsuite>